<?xml version="1.0" encoding="UTF-8"?>
<testsuites name="Mocha Tests" time="10.8800" tests="3" failures="0">
  <testsuite name="Root Suite" timestamp="2022-08-10T10:19:59" tests="0" time="0.0000" failures="0">
  </testsuite>
  <testsuite name="Root Tests" timestamp="2022-08-10T10:20:00" tests="3" file="/Users/nikkyamresh/Downloads/seleniumTestHE-master/Selenium/test.js" time="9.5290" failures="0">
    <testcase name="Root Tests should open the &apos;The Internet Website&apos;" time="6.4820" classname="should open the &apos;The Internet Website&apos;">
    </testcase>
    <testcase name="Root Tests it should open the &apos;Basic Auth&apos; link and authenticate using credentials" time="1.2460" classname="it should open the &apos;Basic Auth&apos; link and authenticate using credentials">
    </testcase>
    <testcase name="Root Tests it should open the link &apos;Sortable Data Tables&apos; and sort the first table by column &apos;Website&apos;" time="1.7440" classname="it should open the link &apos;Sortable Data Tables&apos; and sort the first table by column &apos;Website&apos;">
    </testcase>
  </testsuite>
</testsuites>